#-----------------------------------------------------------
# Vivado v2018.2 (64-bit)
# SW Build 2258646 on Thu Jun 14 20:03:12 MDT 2018
# IP Build 2256618 on Thu Jun 14 22:10:49 MDT 2018
# Start of session at: Tue Jul 30 12:59:34 2024
# Process ID: 9640
# Current directory: D:/Vivado/Gate_level/Verilog/Full_adder_Tcl_console
# Command line: vivado.exe -gui_launcher_event rodinguilauncherevent14836 D:\Vivado\Gate_level\Verilog\Full_adder_Tcl_console\Full_adder_Tcl_console.xpr
# Log file: D:/Vivado/Gate_level/Verilog/Full_adder_Tcl_console/vivado.log
# Journal file: D:/Vivado/Gate_level/Verilog/Full_adder_Tcl_console\vivado.jou
#-----------------------------------------------------------
start_gui
open_project D:/Vivado/Gate_level/Verilog/Full_adder_Tcl_console/Full_adder_Tcl_console.xpr
Scanning sources...
Finished scanning sources
INFO: [IP_Flow 19-234] Refreshing IP repositories
INFO: [IP_Flow 19-1704] No user IP repositories specified
INFO: [IP_Flow 19-2313] Loaded Vivado IP repository 'C:/Xilinx/Vivado/2018.2/data/ip'.
update_compile_order -fileset sources_1
launch_simulation
INFO: [Vivado 12-5682] Launching behavioral simulation in 'D:/Vivado/Gate_level/Verilog/Full_adder_Tcl_console/Full_adder_Tcl_console.sim/sim_1/behav/xsim'
INFO: [SIM-utils-51] Simulation object is 'sim_1'
INFO: [SIM-utils-54] Inspecting design source files for 'Full_adderTB' in fileset 'sim_1'...
INFO: [USF-XSim-97] Finding global include files...
INFO: [USF-XSim-98] Fetching design files from 'sim_1'...
INFO: [USF-XSim-2] XSim::Compile design
INFO: [USF-XSim-61] Executing 'COMPILE and ANALYZE' step in 'D:/Vivado/Gate_level/Verilog/Full_adder_Tcl_console/Full_adder_Tcl_console.sim/sim_1/behav/xsim'
"xvlog --incr --relax -prj Full_adderTB_vlog.prj"
INFO: [USF-XSim-69] 'compile' step finished in '1' seconds
INFO: [USF-XSim-3] XSim::Elaborate design
INFO: [USF-XSim-61] Executing 'ELABORATE' step in 'D:/Vivado/Gate_level/Verilog/Full_adder_Tcl_console/Full_adder_Tcl_console.sim/sim_1/behav/xsim'
Vivado Simulator 2018.2
Copyright 1986-1999, 2001-2018 Xilinx, Inc. All Rights Reserved.
Running: C:/Xilinx/Vivado/2018.2/bin/unwrapped/win64.o/xelab.exe -wto 653065c889ee4e15a5fdadc3dab7af1b --incr --debug typical --relax --mt 2 -L xil_defaultlib -L unisims_ver -L unimacro_ver -L secureip --snapshot Full_adderTB_behav xil_defaultlib.Full_adderTB xil_defaultlib.glbl -log elaborate.log 
Using 2 slave threads.
Starting static elaboration
Completed static elaboration
INFO: [XSIM 43-4323] No Change in HDL. Linking previously generated obj files to create kernel
INFO: [USF-XSim-69] 'elaborate' step finished in '2' seconds
INFO: [USF-XSim-4] XSim::Simulate design
INFO: [USF-XSim-61] Executing 'SIMULATE' step in 'D:/Vivado/Gate_level/Verilog/Full_adder_Tcl_console/Full_adder_Tcl_console.sim/sim_1/behav/xsim'
INFO: [USF-XSim-98] *** Running xsim
   with args "Full_adderTB_behav -key {Behavioral:sim_1:Functional:Full_adderTB} -tclbatch {Full_adderTB.tcl} -log {simulate.log}"
INFO: [USF-XSim-8] Loading simulator feature
Vivado Simulator 2018.2
Time resolution is 1 ps
source Full_adderTB.tcl
# set curr_wave [current_wave_config]
# if { [string length $curr_wave] == 0 } {
#   if { [llength [get_objects]] > 0} {
#     add_wave /
#     set_property needs_save false [current_wave_config]
#   } else {
#      send_msg_id Add_Wave-1 WARNING "No top level signals found. Simulator will start without a wave window. If you want to open a wave window go to 'File->New Waveform Configuration' or type 'create_wave_config' in the TCL console."
#   }
# }
# run 1000ns
A,  B,  D,  C,  S
0	0	0	0	0
0	0	1	1	0
0	1	0	1	0
0	1	1	0	1
1	0	0	1	0
1	0	1	0	1
1	1	0	0	1
1	1	1	1	1
INFO: [USF-XSim-96] XSim completed. Design snapshot 'Full_adderTB_behav' loaded.
INFO: [USF-XSim-97] XSim simulation ran for 1000ns
launch_simulation: Time (s): cpu = 00:00:01 ; elapsed = 00:00:06 . Memory (MB): peak = 837.766 ; gain = 0.000
close_sim
INFO: [Simtcl 6-16] Simulation closed
launch_simulation
INFO: [Vivado 12-5682] Launching behavioral simulation in 'D:/Vivado/Gate_level/Verilog/Full_adder_Tcl_console/Full_adder_Tcl_console.sim/sim_1/behav/xsim'
INFO: [SIM-utils-51] Simulation object is 'sim_1'
INFO: [SIM-utils-54] Inspecting design source files for 'Full_adderTB' in fileset 'sim_1'...
INFO: [USF-XSim-97] Finding global include files...
INFO: [USF-XSim-98] Fetching design files from 'sim_1'...
INFO: [USF-XSim-2] XSim::Compile design
INFO: [USF-XSim-61] Executing 'COMPILE and ANALYZE' step in 'D:/Vivado/Gate_level/Verilog/Full_adder_Tcl_console/Full_adder_Tcl_console.sim/sim_1/behav/xsim'
"xvlog --incr --relax -prj Full_adderTB_vlog.prj"
INFO: [VRFC 10-2263] Analyzing Verilog file "D:/Vivado/Gate_level/Verilog/Full_adder_Tcl_console/Full_adder_Tcl_console.srcs/sources_1/new/full_adder.v" into library xil_defaultlib
INFO: [VRFC 10-311] analyzing module Full_adder
INFO: [VRFC 10-2263] Analyzing Verilog file "D:/Vivado/Gate_level/Verilog/Full_adder_Tcl_console/Full_adder_Tcl_console.srcs/sim_1/new/Full_adderTB.v" into library xil_defaultlib
INFO: [VRFC 10-311] analyzing module Full_adderTB
INFO: [USF-XSim-69] 'compile' step finished in '2' seconds
INFO: [USF-XSim-3] XSim::Elaborate design
INFO: [USF-XSim-61] Executing 'ELABORATE' step in 'D:/Vivado/Gate_level/Verilog/Full_adder_Tcl_console/Full_adder_Tcl_console.sim/sim_1/behav/xsim'
Vivado Simulator 2018.2
Copyright 1986-1999, 2001-2018 Xilinx, Inc. All Rights Reserved.
Running: C:/Xilinx/Vivado/2018.2/bin/unwrapped/win64.o/xelab.exe -wto 653065c889ee4e15a5fdadc3dab7af1b --incr --debug typical --relax --mt 2 -L xil_defaultlib -L unisims_ver -L unimacro_ver -L secureip --snapshot Full_adderTB_behav xil_defaultlib.Full_adderTB xil_defaultlib.glbl -log elaborate.log 
Using 2 slave threads.
Starting static elaboration
Completed static elaboration
Starting simulation data flow analysis
Completed simulation data flow analysis
Time Resolution for simulation is 1ps
Compiling module xil_defaultlib.Full_adder
Compiling module xil_defaultlib.Full_adderTB
Compiling module xil_defaultlib.glbl
Built simulation snapshot Full_adderTB_behav
INFO: [USF-XSim-69] 'elaborate' step finished in '2' seconds
INFO: [USF-XSim-4] XSim::Simulate design
INFO: [USF-XSim-61] Executing 'SIMULATE' step in 'D:/Vivado/Gate_level/Verilog/Full_adder_Tcl_console/Full_adder_Tcl_console.sim/sim_1/behav/xsim'
INFO: [USF-XSim-98] *** Running xsim
   with args "Full_adderTB_behav -key {Behavioral:sim_1:Functional:Full_adderTB} -tclbatch {Full_adderTB.tcl} -log {simulate.log}"
INFO: [USF-XSim-8] Loading simulator feature
Vivado Simulator 2018.2
Time resolution is 1 ps
source Full_adderTB.tcl
# set curr_wave [current_wave_config]
# if { [string length $curr_wave] == 0 } {
#   if { [llength [get_objects]] > 0} {
#     add_wave /
#     set_property needs_save false [current_wave_config]
#   } else {
#      send_msg_id Add_Wave-1 WARNING "No top level signals found. Simulator will start without a wave window. If you want to open a wave window go to 'File->New Waveform Configuration' or type 'create_wave_config' in the TCL console."
#   }
# }
# run 1000ns
A,  B,  D,  C,  S
0	0	0	0	0
0	0	1	1	0
0	1	0	1	0
0	1	1	0	1
1	0	0	1	0
1	0	1	0	1
1	1	0	0	1
1	1	1	1	1
$finish called at time : 400 ns : File "D:/Vivado/Gate_level/Verilog/Full_adder_Tcl_console/Full_adder_Tcl_console.srcs/sim_1/new/Full_adderTB.v" Line 45
INFO: [USF-XSim-96] XSim completed. Design snapshot 'Full_adderTB_behav' loaded.
INFO: [USF-XSim-97] XSim simulation ran for 1000ns
launch_simulation: Time (s): cpu = 00:00:01 ; elapsed = 00:00:06 . Memory (MB): peak = 875.414 ; gain = 0.000
close_sim
INFO: [Simtcl 6-16] Simulation closed
exit
INFO: [Common 17-206] Exiting Vivado at Tue Jul 30 13:56:32 2024...
