#-----------------------------------------------------------
# Vivado v2018.2 (64-bit)
# SW Build 2258646 on Thu Jun 14 20:03:12 MDT 2018
# IP Build 2256618 on Thu Jun 14 22:10:49 MDT 2018
# Start of session at: Fri Aug  2 20:30:14 2024
# Process ID: 11632
# Current directory: D:/Vivado/Gate_level/Verilog/Full_adder_Tcl_console
# Command line: vivado.exe -gui_launcher_event rodinguilauncherevent7740 D:\Vivado\Gate_level\Verilog\Full_adder_Tcl_console\Full_adder_Tcl_console.xpr
# Log file: D:/Vivado/Gate_level/Verilog/Full_adder_Tcl_console/vivado.log
# Journal file: D:/Vivado/Gate_level/Verilog/Full_adder_Tcl_console\vivado.jou
#-----------------------------------------------------------
start_gui
open_project D:/Vivado/Gate_level/Verilog/Full_adder_Tcl_console/Full_adder_Tcl_console.xpr
Scanning sources...
Finished scanning sources
INFO: [IP_Flow 19-234] Refreshing IP repositories
INFO: [IP_Flow 19-1704] No user IP repositories specified
INFO: [IP_Flow 19-2313] Loaded Vivado IP repository 'C:/Xilinx/Vivado/2018.2/data/ip'.
open_project: Time (s): cpu = 00:00:06 ; elapsed = 00:00:06 . Memory (MB): peak = 791.598 ; gain = 68.984
update_compile_order -fileset sources_1
launch_simulation
INFO: [Vivado 12-5682] Launching behavioral simulation in 'D:/Vivado/Gate_level/Verilog/Full_adder_Tcl_console/Full_adder_Tcl_console.sim/sim_1/behav/xsim'
INFO: [SIM-utils-51] Simulation object is 'sim_1'
INFO: [SIM-utils-54] Inspecting design source files for 'Full_adderTB' in fileset 'sim_1'...
INFO: [USF-XSim-97] Finding global include files...
INFO: [USF-XSim-98] Fetching design files from 'sim_1'...
INFO: [USF-XSim-2] XSim::Compile design
INFO: [USF-XSim-61] Executing 'COMPILE and ANALYZE' step in 'D:/Vivado/Gate_level/Verilog/Full_adder_Tcl_console/Full_adder_Tcl_console.sim/sim_1/behav/xsim'
"xvlog --incr --relax -prj Full_adderTB_vlog.prj"
INFO: [USF-XSim-69] 'compile' step finished in '1' seconds
INFO: [USF-XSim-3] XSim::Elaborate design
INFO: [USF-XSim-61] Executing 'ELABORATE' step in 'D:/Vivado/Gate_level/Verilog/Full_adder_Tcl_console/Full_adder_Tcl_console.sim/sim_1/behav/xsim'
Vivado Simulator 2018.2
Copyright 1986-1999, 2001-2018 Xilinx, Inc. All Rights Reserved.
Running: C:/Xilinx/Vivado/2018.2/bin/unwrapped/win64.o/xelab.exe -wto 653065c889ee4e15a5fdadc3dab7af1b --incr --debug typical --relax --mt 2 -L xil_defaultlib -L unisims_ver -L unimacro_ver -L secureip --snapshot Full_adderTB_behav xil_defaultlib.Full_adderTB xil_defaultlib.glbl -log elaborate.log 
Using 2 slave threads.
Starting static elaboration
Completed static elaboration
INFO: [XSIM 43-4323] No Change in HDL. Linking previously generated obj files to create kernel
INFO: [USF-XSim-69] 'elaborate' step finished in '1' seconds
INFO: [USF-XSim-4] XSim::Simulate design
INFO: [USF-XSim-61] Executing 'SIMULATE' step in 'D:/Vivado/Gate_level/Verilog/Full_adder_Tcl_console/Full_adder_Tcl_console.sim/sim_1/behav/xsim'
INFO: [USF-XSim-98] *** Running xsim
   with args "Full_adderTB_behav -key {Behavioral:sim_1:Functional:Full_adderTB} -tclbatch {Full_adderTB.tcl} -log {simulate.log}"
INFO: [USF-XSim-8] Loading simulator feature
Vivado Simulator 2018.2
Time resolution is 1 ps
source Full_adderTB.tcl
# set curr_wave [current_wave_config]
# if { [string length $curr_wave] == 0 } {
#   if { [llength [get_objects]] > 0} {
#     add_wave /
#     set_property needs_save false [current_wave_config]
#   } else {
#      send_msg_id Add_Wave-1 WARNING "No top level signals found. Simulator will start without a wave window. If you want to open a wave window go to 'File->New Waveform Configuration' or type 'create_wave_config' in the TCL console."
#   }
# }
# run 1000ns
A,  B,  D,  C,  S
0	0	0	0	0
0	0	1	1	0
0	1	0	1	0
0	1	1	0	1
1	0	0	1	0
1	0	1	0	1
1	1	0	0	1
1	1	1	1	1
$finish called at time : 400 ns : File "D:/Vivado/Gate_level/Verilog/Full_adder_Tcl_console/Full_adder_Tcl_console.srcs/sim_1/new/Full_adderTB.v" Line 45
INFO: [USF-XSim-96] XSim completed. Design snapshot 'Full_adderTB_behav' loaded.
INFO: [USF-XSim-97] XSim simulation ran for 1000ns
launch_simulation: Time (s): cpu = 00:00:02 ; elapsed = 00:00:06 . Memory (MB): peak = 829.914 ; gain = 22.855
relaunch_sim
INFO: [Vivado 12-5682] Launching behavioral simulation in 'D:/Vivado/Gate_level/Verilog/Full_adder_Tcl_console/Full_adder_Tcl_console.sim/sim_1/behav/xsim'
INFO: [SIM-utils-51] Simulation object is 'sim_1'
INFO: [SIM-utils-54] Inspecting design source files for 'Full_adderTB' in fileset 'sim_1'...
INFO: [USF-XSim-97] Finding global include files...
INFO: [USF-XSim-98] Fetching design files from 'sim_1'...
INFO: [USF-XSim-2] XSim::Compile design
INFO: [USF-XSim-61] Executing 'COMPILE and ANALYZE' step in 'D:/Vivado/Gate_level/Verilog/Full_adder_Tcl_console/Full_adder_Tcl_console.sim/sim_1/behav/xsim'
"xvlog --incr --relax -prj Full_adderTB_vlog.prj"
INFO: [USF-XSim-69] 'compile' step finished in '2' seconds
INFO: [Vivado 12-5682] Launching behavioral simulation in 'D:/Vivado/Gate_level/Verilog/Full_adder_Tcl_console/Full_adder_Tcl_console.sim/sim_1/behav/xsim'
INFO: [USF-XSim-3] XSim::Elaborate design
INFO: [USF-XSim-61] Executing 'ELABORATE' step in 'D:/Vivado/Gate_level/Verilog/Full_adder_Tcl_console/Full_adder_Tcl_console.sim/sim_1/behav/xsim'
Vivado Simulator 2018.2
Copyright 1986-1999, 2001-2018 Xilinx, Inc. All Rights Reserved.
Running: C:/Xilinx/Vivado/2018.2/bin/unwrapped/win64.o/xelab.exe -wto 653065c889ee4e15a5fdadc3dab7af1b --incr --debug typical --relax --mt 2 -L xil_defaultlib -L unisims_ver -L unimacro_ver -L secureip --snapshot Full_adderTB_behav xil_defaultlib.Full_adderTB xil_defaultlib.glbl -log elaborate.log 
Using 2 slave threads.
Starting static elaboration
Completed static elaboration
INFO: [XSIM 43-4323] No Change in HDL. Linking previously generated obj files to create kernel
INFO: [USF-XSim-69] 'elaborate' step finished in '1' seconds
Vivado Simulator 2018.2
Time resolution is 1 ps
A,  B,  D,  C,  S
0	0	0	0	0
0	0	1	1	0
0	1	0	1	0
0	1	1	0	1
1	0	0	1	0
1	0	1	0	1
1	1	0	0	1
1	1	1	1	1
$finish called at time : 400 ns : File "D:/Vivado/Gate_level/Verilog/Full_adder_Tcl_console/Full_adder_Tcl_console.srcs/sim_1/new/Full_adderTB.v" Line 45
relaunch_sim: Time (s): cpu = 00:00:01 ; elapsed = 00:00:07 . Memory (MB): peak = 835.781 ; gain = 0.301
synth_design -rtl -name rtl_1
Command: synth_design -rtl -name rtl_1
Starting synth_design
Using part: xc7vx485tffg1157-1
Top: Full_adder
---------------------------------------------------------------------------------
Starting RTL Elaboration : Time (s): cpu = 00:00:01 ; elapsed = 00:00:02 . Memory (MB): peak = 953.578 ; gain = 108.348
---------------------------------------------------------------------------------
INFO: [Synth 8-6157] synthesizing module 'Full_adder' [D:/Vivado/Gate_level/Verilog/Full_adder_Tcl_console/Full_adder_Tcl_console.srcs/sources_1/new/full_adder.v:23]
INFO: [Synth 8-6155] done synthesizing module 'Full_adder' (1#1) [D:/Vivado/Gate_level/Verilog/Full_adder_Tcl_console/Full_adder_Tcl_console.srcs/sources_1/new/full_adder.v:23]
---------------------------------------------------------------------------------
Finished RTL Elaboration : Time (s): cpu = 00:00:02 ; elapsed = 00:00:03 . Memory (MB): peak = 1008.836 ; gain = 163.605
---------------------------------------------------------------------------------

Report Check Netlist: 
+------+------------------+-------+---------+-------+------------------+
|      |Item              |Errors |Warnings |Status |Description       |
+------+------------------+-------+---------+-------+------------------+
|1     |multi_driven_nets |      0|        0|Passed |Multi driven nets |
+------+------------------+-------+---------+-------+------------------+
---------------------------------------------------------------------------------
Start Handling Custom Attributes
---------------------------------------------------------------------------------
---------------------------------------------------------------------------------
Finished Handling Custom Attributes : Time (s): cpu = 00:00:02 ; elapsed = 00:00:03 . Memory (MB): peak = 1008.836 ; gain = 163.605
---------------------------------------------------------------------------------
---------------------------------------------------------------------------------
Finished RTL Optimization Phase 1 : Time (s): cpu = 00:00:02 ; elapsed = 00:00:03 . Memory (MB): peak = 1008.836 ; gain = 163.605
---------------------------------------------------------------------------------
INFO: [Device 21-403] Loading part xc7vx485tffg1157-1
INFO: [Project 1-570] Preparing netlist for logic optimization

Processing XDC Constraints
Initializing timing engine
Completed Processing XDC Constraints

INFO: [Opt 31-138] Pushed 0 inverter(s) to 0 load pin(s).
INFO: [Project 1-111] Unisim Transformation Summary:
No Unisim elements were transformed.

RTL Elaboration Complete:  : Time (s): cpu = 00:00:19 ; elapsed = 00:00:23 . Memory (MB): peak = 1546.691 ; gain = 701.461
6 Infos, 0 Warnings, 0 Critical Warnings and 0 Errors encountered.
synth_design completed successfully
synth_design: Time (s): cpu = 00:00:19 ; elapsed = 00:00:23 . Memory (MB): peak = 1546.691 ; gain = 701.461
