#-----------------------------------------------------------
# Vivado v2018.2 (64-bit)
# SW Build 2258646 on Thu Jun 14 20:03:12 MDT 2018
# IP Build 2256618 on Thu Jun 14 22:10:49 MDT 2018
# Start of session at: Fri Aug  2 00:47:57 2024
# Process ID: 15008
# Current directory: D:/Vivado/Gate_level/Verilog/Half_adder
# Command line: vivado.exe -gui_launcher_event rodinguilauncherevent15472 D:\Vivado\Gate_level\Verilog\Half_adder\Half_adder.xpr
# Log file: D:/Vivado/Gate_level/Verilog/Half_adder/vivado.log
# Journal file: D:/Vivado/Gate_level/Verilog/Half_adder\vivado.jou
#-----------------------------------------------------------
start_gui
open_project D:/Vivado/Gate_level/Verilog/Half_adder/Half_adder.xpr
INFO: [Project 1-313] Project file moved from 'D:/Vivado/Gate_level/Half_adder' since last save.
Scanning sources...
Finished scanning sources
INFO: [IP_Flow 19-234] Refreshing IP repositories
INFO: [IP_Flow 19-1704] No user IP repositories specified
INFO: [IP_Flow 19-2313] Loaded Vivado IP repository 'C:/Xilinx/Vivado/2018.2/data/ip'.
update_compile_order -fileset sources_1
exit
INFO: [Common 17-206] Exiting Vivado at Fri Aug  2 00:49:23 2024...
